<?xml version="1.0" encoding="utf-8"?><testsuites><testsuite name="pytest" errors="0" failures="0" skipped="0" tests="100" time="0.153" timestamp="2024-06-10T21:05:27.994632" hostname="codespaces-9ff394"><testcase classname="python.exercise1.test_doubly_linked_list" name="test_swap_two_nodes[elements0-1-3-expected_elements0]" time="0.001" /><testcase classname="python.exercise1.test_doubly_linked_list" name="test_swap_two_nodes[elements1-0-4-expected_elements1]" time="0.001" /><testcase classname="python.exercise1.test_doubly_linked_list" name="test_swap_two_nodes[elements2-2-2-expected_elements2]" time="0.000" /><testcase classname="python.exercise1.test_doubly_linked_list" name="test_swap_two_nodes[elements3-0-1-expected_elements3]" time="0.000" /><testcase classname="python.exercise1.test_doubly_linked_list" name="test_swap_two_nodes[elements4-1-2-expected_elements4]" time="0.001" /><testcase classname="python.exercise1.test_doubly_linked_list" name="test_swap_two_nodes[elements5-0-2-expected_elements5]" time="0.000" /><testcase classname="python.exercise1.test_doubly_linked_list" name="test_swap_two_nodes[elements6-2-3-expected_elements6]" time="0.000" /><testcase classname="python.exercise1.test_doubly_linked_list" name="test_swap_two_nodes[elements7-1-4-expected_elements7]" time="0.001" /><testcase classname="python.exercise1.test_doubly_linked_list" name="test_swap_two_nodes[elements8-0-3-expected_elements8]" time="0.001" /><testcase classname="python.exercise1.test_doubly_linked_list" name="test_swap_two_nodes[elements9-0-1-expected_elements9]" time="0.000" /><testcase classname="python.exercise1.test_doubly_linked_list" name="test_swap_two_nodes[elements10-2-4-expected_elements10]" time="0.000" /><testcase classname="python.exercise1.test_doubly_linked_list" name="test_swap_two_nodes[elements11-1-3-expected_elements11]" time="0.001" /><testcase classname="python.exercise1.test_doubly_linked_list" name="test_swap_two_nodes[elements12-0-1-expected_elements12]" time="0.000" /><testcase classname="python.exercise1.test_doubly_linked_list" name="test_swap_two_nodes[elements13-1-2-expected_elements13]" time="0.001" /><testcase classname="python.exercise1.test_doubly_linked_list" name="test_swap_two_nodes[elements14-0-1-expected_elements14]" time="0.001" /><testcase classname="python.exercise1.test_doubly_linked_list" name="test_swap_two_nodes[elements15-0-0-expected_elements15]" time="0.000" /><testcase classname="python.exercise1.test_doubly_linked_list" name="test_swap_two_nodes[elements16-1-4-expected_elements16]" time="0.000" /><testcase classname="python.exercise1.test_doubly_linked_list" name="test_swap_two_nodes[elements17-2-5-expected_elements17]" time="0.000" /><testcase classname="python.exercise1.test_doubly_linked_list" name="test_swap_two_nodes[elements18-0-5-expected_elements18]" time="0.001" /><testcase classname="python.exercise1.test_doubly_linked_list" name="test_swap_two_nodes[elements19-1-3-expected_elements19]" time="0.001" /><testcase classname="python.exercise1.test_doubly_linked_list" name="test_swap_two_nodes[elements20-0-2-expected_elements20]" time="0.000" /><testcase classname="python.exercise1.test_doubly_linked_list" name="test_swap_two_nodes[elements21-2-4-expected_elements21]" time="0.000" /><testcase classname="python.exercise1.test_doubly_linked_list" name="test_swap_two_nodes[elements22-0-4-expected_elements22]" time="0.000" /><testcase classname="python.exercise1.test_doubly_linked_list" name="test_swap_two_nodes[elements23-1-3-expected_elements23]" time="0.001" /><testcase classname="python.exercise1.test_doubly_linked_list" name="test_swap_two_nodes[elements24-2-4-expected_elements24]" time="0.001" /><testcase classname="python.exercise1.test_doubly_linked_list" name="test_swap_two_nodes[elements25-1-3-expected_elements25]" time="0.001" /><testcase classname="python.exercise1.test_doubly_linked_list" name="test_swap_two_nodes[elements26-0-4-expected_elements26]" time="0.000" /><testcase classname="python.exercise1.test_doubly_linked_list" name="test_swap_two_nodes[elements27-2-2-expected_elements27]" time="0.001" /><testcase classname="python.exercise1.test_doubly_linked_list" name="test_swap_two_nodes[elements28-0-1-expected_elements28]" time="0.001" /><testcase classname="python.exercise1.test_doubly_linked_list" name="test_swap_two_nodes[elements29-1-2-expected_elements29]" time="0.000" /><testcase classname="python.exercise1.test_doubly_linked_list" name="test_swap_two_nodes[elements30-0-2-expected_elements30]" time="0.001" /><testcase classname="python.exercise1.test_doubly_linked_list" name="test_swap_two_nodes[elements31-1-2-expected_elements31]" time="0.001" /><testcase classname="python.exercise1.test_doubly_linked_list" name="test_swap_two_nodes[elements32-0-1-expected_elements32]" time="0.000" /><testcase classname="python.exercise1.test_doubly_linked_list" name="test_swap_two_nodes[elements33-1-2-expected_elements33]" time="0.000" /><testcase classname="python.exercise1.test_doubly_linked_list" name="test_swap_two_nodes[elements34-0-2-expected_elements34]" time="0.001" /><testcase classname="python.exercise1.test_doubly_linked_list" name="test_swap_two_nodes[elements35-1-2-expected_elements35]" time="0.001" /><testcase classname="python.exercise1.test_doubly_linked_list" name="test_swap_two_nodes[elements36-0-3-expected_elements36]" time="0.001" /><testcase classname="python.exercise1.test_doubly_linked_list" name="test_swap_two_nodes[elements37-1-2-expected_elements37]" time="0.001" /><testcase classname="python.exercise1.test_doubly_linked_list" name="test_swap_two_nodes[elements38-0-3-expected_elements38]" time="0.000" /><testcase classname="python.exercise1.test_doubly_linked_list" name="test_swap_two_nodes[elements39-1-3-expected_elements39]" time="0.000" /><testcase classname="python.exercise1.test_doubly_linked_list" name="test_swap_two_nodes[elements40-0-2-expected_elements40]" time="0.000" /><testcase classname="python.exercise1.test_doubly_linked_list" name="test_swap_two_nodes[elements41-1-3-expected_elements41]" time="0.001" /><testcase classname="python.exercise1.test_doubly_linked_list" name="test_swap_two_nodes[elements42-0-3-expected_elements42]" time="0.001" /><testcase classname="python.exercise1.test_doubly_linked_list" name="test_swap_two_nodes[elements43-2-3-expected_elements43]" time="0.001" /><testcase classname="python.exercise1.test_doubly_linked_list" name="test_swap_two_nodes[elements44-0-3-expected_elements44]" time="0.001" /><testcase classname="python.exercise1.test_doubly_linked_list" name="test_swap_two_nodes[elements45-1-2-expected_elements45]" time="0.001" /><testcase classname="python.exercise1.test_doubly_linked_list" name="test_swap_two_nodes[elements46-0-2-expected_elements46]" time="0.001" /><testcase classname="python.exercise1.test_doubly_linked_list" name="test_swap_two_nodes[elements47-1-3-expected_elements47]" time="0.001" /><testcase classname="python.exercise1.test_doubly_linked_list" name="test_swap_two_nodes[elements48-0-3-expected_elements48]" time="0.001" /><testcase classname="python.exercise1.test_doubly_linked_list" name="test_swap_two_nodes[elements49-1-2-expected_elements49]" time="0.001" /><testcase classname="python.exercise1.test_singly_linked_list" name="test_swap_two_nodes[elements0-1-3-expected_elements0]" time="0.001" /><testcase classname="python.exercise1.test_singly_linked_list" name="test_swap_two_nodes[elements1-0-4-expected_elements1]" time="0.001" /><testcase classname="python.exercise1.test_singly_linked_list" name="test_swap_two_nodes[elements2-2-2-expected_elements2]" time="0.001" /><testcase classname="python.exercise1.test_singly_linked_list" name="test_swap_two_nodes[elements3-0-1-expected_elements3]" time="0.001" /><testcase classname="python.exercise1.test_singly_linked_list" name="test_swap_two_nodes[elements4-1-2-expected_elements4]" time="0.001" /><testcase classname="python.exercise1.test_singly_linked_list" name="test_swap_two_nodes[elements5-0-2-expected_elements5]" time="0.001" /><testcase classname="python.exercise1.test_singly_linked_list" name="test_swap_two_nodes[elements6-2-3-expected_elements6]" time="0.001" /><testcase classname="python.exercise1.test_singly_linked_list" name="test_swap_two_nodes[elements7-1-4-expected_elements7]" time="0.001" /><testcase classname="python.exercise1.test_singly_linked_list" name="test_swap_two_nodes[elements8-0-3-expected_elements8]" time="0.001" /><testcase classname="python.exercise1.test_singly_linked_list" name="test_swap_two_nodes[elements9-0-1-expected_elements9]" time="0.001" /><testcase classname="python.exercise1.test_singly_linked_list" name="test_swap_two_nodes[elements10-2-4-expected_elements10]" time="0.001" /><testcase classname="python.exercise1.test_singly_linked_list" name="test_swap_two_nodes[elements11-1-3-expected_elements11]" time="0.001" /><testcase classname="python.exercise1.test_singly_linked_list" name="test_swap_two_nodes[elements12-0-1-expected_elements12]" time="0.001" /><testcase classname="python.exercise1.test_singly_linked_list" name="test_swap_two_nodes[elements13-1-2-expected_elements13]" time="0.001" /><testcase classname="python.exercise1.test_singly_linked_list" name="test_swap_two_nodes[elements14-0-1-expected_elements14]" time="0.001" /><testcase classname="python.exercise1.test_singly_linked_list" name="test_swap_two_nodes[elements15-0-0-expected_elements15]" time="0.001" /><testcase classname="python.exercise1.test_singly_linked_list" name="test_swap_two_nodes[elements16-1-4-expected_elements16]" time="0.001" /><testcase classname="python.exercise1.test_singly_linked_list" name="test_swap_two_nodes[elements17-2-5-expected_elements17]" time="0.001" /><testcase classname="python.exercise1.test_singly_linked_list" name="test_swap_two_nodes[elements18-0-5-expected_elements18]" time="0.001" /><testcase classname="python.exercise1.test_singly_linked_list" name="test_swap_two_nodes[elements19-1-3-expected_elements19]" time="0.001" /><testcase classname="python.exercise1.test_singly_linked_list" name="test_swap_two_nodes[elements20-0-2-expected_elements20]" time="0.001" /><testcase classname="python.exercise1.test_singly_linked_list" name="test_swap_two_nodes[elements21-2-4-expected_elements21]" time="0.001" /><testcase classname="python.exercise1.test_singly_linked_list" name="test_swap_two_nodes[elements22-0-4-expected_elements22]" time="0.001" /><testcase classname="python.exercise1.test_singly_linked_list" name="test_swap_two_nodes[elements23-1-3-expected_elements23]" time="0.001" /><testcase classname="python.exercise1.test_singly_linked_list" name="test_swap_two_nodes[elements24-2-4-expected_elements24]" time="0.001" /><testcase classname="python.exercise1.test_singly_linked_list" name="test_swap_two_nodes[elements25-0-4-expected_elements25]" time="0.001" /><testcase classname="python.exercise1.test_singly_linked_list" name="test_swap_two_nodes[elements26-1-3-expected_elements26]" time="0.001" /><testcase classname="python.exercise1.test_singly_linked_list" name="test_swap_two_nodes[elements27-0-2-expected_elements27]" time="0.001" /><testcase classname="python.exercise1.test_singly_linked_list" name="test_swap_two_nodes[elements28-1-2-expected_elements28]" time="0.001" /><testcase classname="python.exercise1.test_singly_linked_list" name="test_swap_two_nodes[elements29-0-1-expected_elements29]" time="0.001" /><testcase classname="python.exercise1.test_singly_linked_list" name="test_swap_two_nodes[elements30-2-3-expected_elements30]" time="0.001" /><testcase classname="python.exercise1.test_singly_linked_list" name="test_swap_two_nodes[elements31-1-3-expected_elements31]" time="0.001" /><testcase classname="python.exercise1.test_singly_linked_list" name="test_swap_two_nodes[elements32-0-2-expected_elements32]" time="0.001" /><testcase classname="python.exercise1.test_singly_linked_list" name="test_swap_two_nodes[elements33-0-2-expected_elements33]" time="0.001" /><testcase classname="python.exercise1.test_singly_linked_list" name="test_swap_two_nodes[elements34-1-2-expected_elements34]" time="0.001" /><testcase classname="python.exercise1.test_singly_linked_list" name="test_swap_two_nodes[elements35-0-1-expected_elements35]" time="0.001" /><testcase classname="python.exercise1.test_singly_linked_list" name="test_swap_two_nodes[elements36-1-2-expected_elements36]" time="0.001" /><testcase classname="python.exercise1.test_singly_linked_list" name="test_swap_two_nodes[elements37-0-2-expected_elements37]" time="0.001" /><testcase classname="python.exercise1.test_singly_linked_list" name="test_swap_two_nodes[elements38-1-2-expected_elements38]" time="0.001" /><testcase classname="python.exercise1.test_singly_linked_list" name="test_swap_two_nodes[elements39-0-2-expected_elements39]" time="0.001" /><testcase classname="python.exercise1.test_singly_linked_list" name="test_swap_two_nodes[elements40-1-2-expected_elements40]" time="0.001" /><testcase classname="python.exercise1.test_singly_linked_list" name="test_swap_two_nodes[elements41-0-1-expected_elements41]" time="0.001" /><testcase classname="python.exercise1.test_singly_linked_list" name="test_swap_two_nodes[elements42-1-2-expected_elements42]" time="0.001" /><testcase classname="python.exercise1.test_singly_linked_list" name="test_swap_two_nodes[elements43-0-1-expected_elements43]" time="0.001" /><testcase classname="python.exercise1.test_singly_linked_list" name="test_swap_two_nodes[elements44-0-0-expected_elements44]" time="0.002" /><testcase classname="python.exercise1.test_singly_linked_list" name="test_swap_two_nodes[elements45-1-3-expected_elements45]" time="0.001" /><testcase classname="python.exercise1.test_singly_linked_list" name="test_swap_two_nodes[elements46-0-2-expected_elements46]" time="0.000" /><testcase classname="python.exercise1.test_singly_linked_list" name="test_swap_two_nodes[elements47-1-2-expected_elements47]" time="0.000" /><testcase classname="python.exercise1.test_singly_linked_list" name="test_swap_two_nodes[elements48-0-3-expected_elements48]" time="0.000" /><testcase classname="python.exercise1.test_singly_linked_list" name="test_swap_two_nodes[elements49-2-3-expected_elements49]" time="0.001" /></testsuite></testsuites>